<?xml version="1.0" encoding="UTF-8"?>
<!-- Generated by org.testng.reporters.JUnitXMLReporter -->
<testsuite ignored="2" hostname="LAPTOP-411MGVBP" failures="0" tests="7" name="WM Automatino-Regression Test Suite" time="71.676" errors="0" timestamp="2025-03-16T22:52:01 IST">
  <testcase classname="com.ubs.wmautomation.testcases.Register_User" name="Add_New_User_Testcase" time="52.634"/>
  <testcase classname="com.ubs.wmautomation.testcases.Register_User" name="Update_Existing_User_Testcase" time="6.151"/>
  <testcase classname="com.ubs.wmautomation.testcases.UserMgmt_APITests" name="AddUser_GetCall_Testcase" time="0.036"/>
  <testcase classname="com.ubs.wmautomation.testcases.UserMgmt_APITests" name="ModifyUser_UpdateCall_Testcase" time="0.019"/>
  <testcase classname="com.ubs.wmautomation.testcases.UserMgmt_APITests" name="addUser_Testcase" time="2.027"/>
  <testcase classname="com.ubs.wmautomation.testcases.Books_API_Tests" name="Post_Call_Testcase" time="6.907"/>
  <testcase classname="com.ubs.wmautomation.testcases.Books_API_Tests" name="Validate_Books_Title_Testcase" time="3.828"/>
  <testcase classname="com.ubs.wmautomation.testcases.BaseTest" name="@AfterSuite quitBrowser" time="0.0">
    <ignored/>
  </testcase> <!-- @AfterSuite quitBrowser -->
  <testcase classname="com.ubs.wmautomation.testcases.BaseTest" name="@AfterSuite quitBrowser" time="0.0">
    <ignored/>
  </testcase> <!-- @AfterSuite quitBrowser -->
</testsuite> <!-- WM Automatino-Regression Test Suite -->
