<?xml version="1.0" encoding="UTF-8"?>
<!-- Generated by org.testng.reporters.JUnitXMLReporter -->
<testsuite ignored="1" hostname="LAPTOP-411MGVBP" failures="0" tests="5" name="WM Automatino-Regression Test Suite" time="28.739" errors="0" timestamp="2025-03-12T10:28:57 IST">
  <testcase classname="com.ubs.wmautomation.testcases.Register_User" name="Add_New_User_Testcase" time="23.628"/>
  <testcase classname="com.ubs.wmautomation.testcases.Register_User" name="Update_Existing_User_Testcase" time="5.056"/>
  <testcase classname="com.ubs.wmautomation.testcases.Users_APITests" name="AddUser_GetCall_Testcase" time="0.0"/>
  <testcase classname="com.ubs.wmautomation.testcases.Users_APITests" name="ModifyUser_UpdateCall_Testcase" time="0.001"/>
  <testcase classname="com.ubs.wmautomation.testcases.Users_APITests" name="addUser_Testcase" time="0.0"/>
  <testcase classname="com.ubs.wmautomation.testcases.BaseTest" name="@AfterSuite quitBrowser" time="0.0">
    <ignored/>
  </testcase> <!-- @AfterSuite quitBrowser -->
</testsuite> <!-- WM Automatino-Regression Test Suite -->
