<?xml version="1.0" encoding="UTF-8"?>
<testsuite xmlns:xsi="http://www.w3.org/2001/XMLSchema-instance" xsi:noNamespaceSchemaLocation="https://maven.apache.org/surefire/maven-surefire-plugin/xsd/surefire-test-report.xsd" version="3.0.2" name="TestSuite" time="30.768" tests="5" errors="0" skipped="0" failures="0">
  <properties>
[...]
</properties>
  <testcase name="Add_New_User_Testcase" classname="com.ubs.wmautomation.testcases.Register_User" time="23.628">
    <system-out><![CDATA[Add_New_User_Testcase
selected active env-sys
loading config file for seleleced active env-D:\Chetan Pande\Navjyot_Sessions\Flipkart_Automation\wm-automation\wm-automation//src/main//resources//config//sys.properties
Title of website is -DEMOQA
]]></system-out>
    <system-err><![CDATA[SLF4J: Failed to load class "org.slf4j.impl.StaticLoggerBinder".
SLF4J: Defaulting to no-operation (NOP) logger implementation
SLF4J: See http://www.slf4j.org/codes.html#StaticLoggerBinder for further details.
Starting ChromeDriver 134.0.6998.88 (7e3d5c978c6d3a6eda25692cfac7f893a2b20dd0-refs/branch-heads/6998@{#1898}) on port 50346
Only local connections are allowed.
Please see https://chromedriver.chromium.org/security-considerations for suggestions on keeping ChromeDriver safe.
ChromeDriver was started successfully on port 50346.
Mar 12, 2025 10:28:32 AM org.openqa.selenium.remote.ProtocolHandshake createSession
INFO: Detected dialect: W3C
]]></system-err>
  </testcase>
  <testcase name="Update_Existing_User_Testcase" classname="com.ubs.wmautomation.testcases.Register_User" time="5.057">
    <system-out><![CDATA[Update_Existing_User_Testcase
selected active env-sys
loading config file for seleleced active env-D:\Chetan Pande\Navjyot_Sessions\Flipkart_Automation\wm-automation\wm-automation//src/main//resources//config//sys.properties
Title of website is -DEMOQA
]]></system-out>
  </testcase>
  <testcase name="AddUser_GetCall_Testcase" classname="com.ubs.wmautomation.testcases.Users_APITests" time="0.0"/>
  <testcase name="ModifyUser_UpdateCall_Testcase" classname="com.ubs.wmautomation.testcases.Users_APITests" time="0.0"/>
  <testcase name="addUser_Testcase" classname="com.ubs.wmautomation.testcases.Users_APITests" time="0.001"/>
</testsuite>