<?xml version="1.0" encoding="UTF-8"?>
<!-- Generated by org.testng.reporters.JUnitXMLReporter -->
<testsuite ignored="0" hostname="LAPTOP-411MGVBP" failures="0" tests="2" name="WM Automatino-Regression Test Suite" time="27.151" errors="0" timestamp="2025-03-09T17:36:08 IST">
  <testcase classname="com.ubs.wmautomation.testcases.Register_User" name="Add_New_User_Testcase" time="20.412"/>
  <testcase classname="com.ubs.wmautomation.testcases.Register_User" name="Update_Existing_User_Testcase" time="6.649"/>
</testsuite> <!-- WM Automatino-Regression Test Suite -->
